This is pdfTeX, Version 3.141592653-2.6-1.40.27 (MiKTeX 25.4) (preloaded format=pdflatex 2025.7.22)  25 MAR 2026 12:35
entering extended mode
 restricted \write18 enabled.
 file:line:error style messages enabled.
 %&-line parsing enabled.
**c:/Users/miche/Desktop/GitRepositories/DesignAnalysisOfAlgorithms/Week1/Appunti/Maps.tex
(c:/Users/miche/Desktop/GitRepositories/DesignAnalysisOfAlgorithms/Week1/Appunti/Maps.tex
LaTeX2e <2025-06-01> patch level 1
L3 programming layer <2025-07-11>
(C:\Users\miche\AppData\Local\Programs\MiKTeX\tex/latex/base\article.cls
Document Class: article 2025/01/22 v1.4n Standard LaTeX document class
(C:\Users\miche\AppData\Local\Programs\MiKTeX\tex/latex/base\size12.clo
File: size12.clo 2025/01/22 v1.4n Standard LaTeX file (size option)
)
\c@part=\count275
\c@section=\count276
\c@subsection=\count277
\c@subsubsection=\count278
\c@paragraph=\count279
\c@subparagraph=\count280
\c@figure=\count281
\c@table=\count282
\abovecaptionskip=\skip49
\belowcaptionskip=\skip50
\bibindent=\dimen148
) (C:\Users\miche\AppData\Local\Programs\MiKTeX\tex/latex/base\inputenc.sty
Package: inputenc 2024/02/08 v1.3d Input encoding file
\inpenc@prehook=\toks17
\inpenc@posthook=\toks18
) (C:\Users\miche\AppData\Local\Programs\MiKTeX\tex/generic/babel\babel.sty
Package: babel 2025/05/14 v25.9 The multilingual framework for pdfLaTeX, LuaLaTeX and XeLaTeX
\babel@savecnt=\count283
LaTeX Encoding Info:    Redeclaring text command \ij (encoding OT1) on input line 2043.
LaTeX Encoding Info:    Redeclaring text command \IJ (encoding OT1) on input line 2045.
LaTeX Encoding Info:    Redeclaring text command \ij (encoding T1) on input line 2047.
LaTeX Encoding Info:    Redeclaring text command \IJ (encoding T1) on input line 2048.
LaTeX Encoding Info:    Ignoring declaration for text command \ij (encoding ?) on input line 2049.
LaTeX Encoding Info:    Ignoring declaration for text command \IJ (encoding ?) on input line 2051.
LaTeX Encoding Info:    Ignoring declaration for text command \SS (encoding ?) on input line 2076.
\U@D=\dimen149
\l@unhyphenated=\language79
 (C:\Users\miche\AppData\Local\Programs\MiKTeX\tex/generic/babel\txtbabel.def)
\bbl@readstream=\read2
\bbl@dirlevel=\count284

*************************************
* Local config file bblopts.cfg used
*
(C:\Users\miche\AppData\Local\Programs\MiKTeX\tex/latex/arabi\bblopts.cfg
File: bblopts.cfg 2005/09/08 v0.1 add Arabic and Farsi to "declared" options of babel
) (C:\Users\miche\AppData\Local\Programs\MiKTeX\tex/latex/babel-italian\italian.ldf
Language: italian 2024/10/10 v.1.5.01 Italian support for the babel system
 (C:\Users\miche\AppData\Local\Programs\MiKTeX\tex/generic/babel/locale/it\babel-italian.tex
Package babel Info: Importing font and identification data for italian
(babel)             from babel-it.ini. Reported on input line 11.
)
\it@lettering=\count285
\it@doublequoteactive=\count286
\it@ISOcompliance=\count287
)) (C:\Users\miche\AppData\Local\Programs\MiKTeX\tex/latex/etoolbox\etoolbox.sty
Package: etoolbox 2025/02/11 v2.5l e-TeX tools for LaTeX (JAW)
\etb@tempcnta=\count288
) (C:\Users\miche\AppData\Local\Programs\MiKTeX\tex/latex/amsfonts\amsfonts.sty
Package: amsfonts 2013/01/14 v3.01 Basic AMSFonts support
\@emptytoks=\toks19
\symAMSa=\mathgroup4
\symAMSb=\mathgroup5
LaTeX Font Info:    Redeclaring math symbol \hbar on input line 98.
LaTeX Font Info:    Overwriting math alphabet `\mathfrak' in version `bold'
(Font)                  U/euf/m/n --> U/euf/b/n on input line 106.
) (C:\Users\miche\AppData\Local\Programs\MiKTeX\tex/latex/listings\listings.sty (C:\Users\miche\AppData\Local\Programs\MiKTeX\tex/latex/graphics\keyval.sty
Package: keyval 2022/05/29 v1.15 key=value parser (DPC)
\KV@toks@=\toks20
)
\lst@mode=\count289
\lst@gtempboxa=\box53
\lst@token=\toks21
\lst@length=\count290
\lst@currlwidth=\dimen150
\lst@column=\count291
\lst@pos=\count292
\lst@lostspace=\dimen151
\lst@width=\dimen152
\lst@newlines=\count293
\lst@lineno=\count294
\lst@maxwidth=\dimen153
 (C:\Users\miche\AppData\Local\Programs\MiKTeX\tex/latex/listings\lstpatch.sty
File: lstpatch.sty 2024/09/23 1.10c (Carsten Heinz)
) (C:\Users\miche\AppData\Local\Programs\MiKTeX\tex/latex/listings\lstmisc.sty
File: lstmisc.sty 2024/09/23 1.10c (Carsten Heinz)
\c@lstnumber=\count295
\lst@skipnumbers=\count296
\lst@framebox=\box54
) (C:\Users\miche\AppData\Local\Programs\MiKTeX\tex/latex/listings\listings.cfg
File: listings.cfg 2024/09/23 1.10c listings configuration
))
Package: listings 2024/09/23 1.10c (Carsten Heinz)
 (C:\Users\miche\AppData\Local\Programs\MiKTeX\tex/latex/xcolor\xcolor.sty
Package: xcolor 2024/09/29 v3.02 LaTeX color extensions (UK)
 (C:\Users\miche\AppData\Local\Programs\MiKTeX\tex/latex/graphics-cfg\color.cfg
File: color.cfg 2016/01/02 v1.6 sample color configuration
)
Package xcolor Info: Driver file: pdftex.def on input line 274.
 (C:\Users\miche\AppData\Local\Programs\MiKTeX\tex/latex/graphics-def\pdftex.def
File: pdftex.def 2024/04/13 v1.2c Graphics/color driver for pdftex
) (C:\Users\miche\AppData\Local\Programs\MiKTeX\tex/latex/graphics\mathcolor.ltx)
Package xcolor Info: Model `cmy' substituted by `cmy0' on input line 1349.
Package xcolor Info: Model `hsb' substituted by `rgb' on input line 1353.
Package xcolor Info: Model `RGB' extended on input line 1365.
Package xcolor Info: Model `HTML' substituted by `rgb' on input line 1367.
Package xcolor Info: Model `Hsb' substituted by `hsb' on input line 1368.
Package xcolor Info: Model `tHsb' substituted by `hsb' on input line 1369.
Package xcolor Info: Model `HSB' substituted by `hsb' on input line 1370.
Package xcolor Info: Model `Gray' substituted by `gray' on input line 1371.
Package xcolor Info: Model `wave' substituted by `hsb' on input line 1372.
) (C:\Users\miche\AppData\Local\Programs\MiKTeX\tex/latex/booktabs\booktabs.sty
Package: booktabs 2020/01/12 v1.61803398 Publication quality tables
\heavyrulewidth=\dimen154
\lightrulewidth=\dimen155
\cmidrulewidth=\dimen156
\belowrulesep=\dimen157
\belowbottomsep=\dimen158
\aboverulesep=\dimen159
\abovetopsep=\dimen160
\cmidrulesep=\dimen161
\cmidrulekern=\dimen162
\defaultaddspace=\dimen163
\@cmidla=\count297
\@cmidlb=\count298
\@aboverulesep=\dimen164
\@belowrulesep=\dimen165
\@thisruleclass=\count299
\@lastruleclass=\count300
\@thisrulewidth=\dimen166
) (C:\Users\miche\AppData\Local\Programs\MiKTeX\tex/latex/graphics\graphicx.sty
Package: graphicx 2024/12/31 v1.2e Enhanced LaTeX Graphics (DPC,SPQR)
 (C:\Users\miche\AppData\Local\Programs\MiKTeX\tex/latex/graphics\graphics.sty
Package: graphics 2024/08/06 v1.4g Standard LaTeX Graphics (DPC,SPQR)
 (C:\Users\miche\AppData\Local\Programs\MiKTeX\tex/latex/graphics\trig.sty
Package: trig 2023/12/02 v1.11 sin cos tan (DPC)
) (C:\Users\miche\AppData\Local\Programs\MiKTeX\tex/latex/graphics-cfg\graphics.cfg
File: graphics.cfg 2016/06/04 v1.11 sample graphics configuration
)
Package graphics Info: Driver file: pdftex.def on input line 106.
)
\Gin@req@height=\dimen167
\Gin@req@width=\dimen168
) (C:\Users\miche\AppData\Local\Programs\MiKTeX\tex/latex/float\float.sty
Package: float 2001/11/08 v1.3d Float enhancements (AL)
\c@float@type=\count301
\float@exts=\toks22
\float@box=\box55
\@float@everytoks=\toks23
\@floatcapt=\box56
) (C:\Users\miche\AppData\Local\Programs\MiKTeX\tex/latex/l3backend\l3backend-pdftex.def
File: l3backend-pdftex.def 2025-06-09 L3 backend support: PDF output (pdfTeX)
\l__color_backend_stack_int=\count302
) (Maps.aux)
\openout1 = `Maps.aux'.

LaTeX Font Info:    Checking defaults for OML/cmm/m/it on input line 17.
LaTeX Font Info:    ... okay on input line 17.
LaTeX Font Info:    Checking defaults for OMS/cmsy/m/n on input line 17.
LaTeX Font Info:    ... okay on input line 17.
LaTeX Font Info:    Checking defaults for OT1/cmr/m/n on input line 17.
LaTeX Font Info:    ... okay on input line 17.
LaTeX Font Info:    Checking defaults for T1/cmr/m/n on input line 17.
LaTeX Font Info:    ... okay on input line 17.
LaTeX Font Info:    Checking defaults for TS1/cmr/m/n on input line 17.
LaTeX Font Info:    ... okay on input line 17.
LaTeX Font Info:    Checking defaults for OMX/cmex/m/n on input line 17.
LaTeX Font Info:    ... okay on input line 17.
LaTeX Font Info:    Checking defaults for U/cmr/m/n on input line 17.
LaTeX Font Info:    ... okay on input line 17.
LaTeX Info: Redefining \it@ocap on input line 17.
LaTeX Info: Redefining \it@ccap on input line 17.


File italian.ldf warning: 
italian.ldf    With OT1 encoding guillemets are poorly faked
italian.ldf    Use T1 encoding
italian.ldf    or specify a font with command \CaporaliFrom
italian.ldf    See the documentation concerning the babel-italian typesetting
italian.ldf    on input line 17.

\c@lstlisting=\count303
(C:\Users\miche\AppData\Local\Programs\MiKTeX\tex/context/base/mkii\supp-pdf.mkii
[Loading MPS to PDF converter (version 2006.09.02).]
\scratchcounter=\count304
\scratchdimen=\dimen169
\scratchbox=\box57
\nofMPsegments=\count305
\nofMParguments=\count306
\everyMPshowfont=\toks24
\MPscratchCnt=\count307
\MPscratchDim=\dimen170
\MPnumerator=\count308
\makeMPintoPDFobject=\count309
\everyMPtoPDFconversion=\toks25
) (C:\Users\miche\AppData\Local\Programs\MiKTeX\tex/latex/epstopdf-pkg\epstopdf-base.sty
Package: epstopdf-base 2020-01-24 v2.11 Base part for package epstopdf
Package epstopdf-base Info: Redefining graphics rule for `.eps' on input line 485.
 (C:\Users\miche\AppData\Local\Programs\MiKTeX\tex/latex/00miktex\epstopdf-sys.cfg
File: epstopdf-sys.cfg 2021/03/18 v2.0 Configuration of epstopdf for MiKTeX
)) (Maps.toc
LaTeX Font Info:    Trying to load font information for U+msa on input line 4.
 (C:\Users\miche\AppData\Local\Programs\MiKTeX\tex/latex/amsfonts\umsa.fd
File: umsa.fd 2013/01/14 v3.01 AMS symbols A
)
LaTeX Font Info:    Trying to load font information for U+msb on input line 4.
 (C:\Users\miche\AppData\Local\Programs\MiKTeX\tex/latex/amsfonts\umsb.fd
File: umsb.fd 2013/01/14 v3.01 AMS symbols B
))
\tf@toc=\write3
\openout3 = `Maps.toc'.



[1

{C:/Users/miche/AppData/Local/MiKTeX/fonts/map/pdftex/pdftex.map}]
<Immagini/MapsDefinition.png, id=7, 541.27219pt x 505.89pt>
File: Immagini/MapsDefinition.png Graphic file (type png)
<use Immagini/MapsDefinition.png>
Package pdftex.def Info: Immagini/MapsDefinition.png  used on input line 27.
(pdftex.def)             Requested size: 272.99881pt x 255.15979pt.
<Immagini/mapADT1.png, id=9, 569.12625pt x 458.46281pt>
File: Immagini/mapADT1.png Graphic file (type png)
<use Immagini/mapADT1.png>
Package pdftex.def Info: Immagini/mapADT1.png  used on input line 35.
(pdftex.def)             Requested size: 187.19833pt x 150.79651pt.
<Immagini/mapADT2.png, id=10, 470.50781pt x 645.91313pt>
File: Immagini/mapADT2.png Graphic file (type png)
<use Immagini/mapADT2.png>
Package pdftex.def Info: Immagini/mapADT2.png  used on input line 37.
(pdftex.def)             Requested size: 187.19833pt x 256.98087pt.


[2 <./Immagini/MapsDefinition.png>]
<Immagini/mapADT_Example.png, id=16, 463.7325pt x 368.87813pt>
File: Immagini/mapADT_Example.png Graphic file (type png)
<use Immagini/mapADT_Example.png>
Package pdftex.def Info: Immagini/mapADT_Example.png  used on input line 45.
(pdftex.def)             Requested size: 272.99881pt x 217.16339pt.
<Immagini/MapBase.png, id=17, 647.41875pt x 463.7325pt>
File: Immagini/MapBase.png Graphic file (type png)
<use Immagini/MapBase.png>
Package pdftex.def Info: Immagini/MapBase.png  used on input line 55.
(pdftex.def)             Requested size: 183.30048pt x 131.29478pt.
<Immagini/ABC_MutableMapping.png, id=18, 651.18282pt x 443.40656pt>
File: Immagini/ABC_MutableMapping.png Graphic file (type png)
<use Immagini/ABC_MutableMapping.png>
Package pdftex.def Info: Immagini/ABC_MutableMapping.png  used on input line 57.
(pdftex.def)             Requested size: 183.30048pt x 124.80927pt.


[3 <./Immagini/mapADT1.png> <./Immagini/mapADT2.png> <./Immagini/mapADT_Example.png>]
<Immagini/SortedMapADT.png, id=25, 625.58719pt x 379.4175pt>
File: Immagini/SortedMapADT.png Graphic file (type png)
<use Immagini/SortedMapADT.png>
Package pdftex.def Info: Immagini/SortedMapADT.png  used on input line 68.
(pdftex.def)             Requested size: 272.99881pt x 165.5779pt.
<Immagini/ArrayBasedSortedMap.png, id=26, 618.81187pt x 452.4403pt>
File: Immagini/ArrayBasedSortedMap.png Graphic file (type png)
<use Immagini/ArrayBasedSortedMap.png>
Package pdftex.def Info: Immagini/ArrayBasedSortedMap.png  used on input line 76.
(pdftex.def)             Requested size: 183.30048pt x 134.02103pt.
<Immagini/PerformanceArrayBasedSortedMap.png, id=27, 645.16031pt x 465.23813pt>
File: Immagini/PerformanceArrayBasedSortedMap.png Graphic file (type png)
<use Immagini/PerformanceArrayBasedSortedMap.png>
Package pdftex.def Info: Immagini/PerformanceArrayBasedSortedMap.png  used on input line 78.
(pdftex.def)             Requested size: 183.30048pt x 132.1754pt.


[4 <./Immagini/MapBase.png> <./Immagini/ABC_MutableMapping.png> <./Immagini/SortedMapADT.png>]
<Immagini/BSTSortedMap.png, id=35, 649.67719pt x 361.35pt>
File: Immagini/BSTSortedMap.png Graphic file (type png)
<use Immagini/BSTSortedMap.png>
Package pdftex.def Info: Immagini/BSTSortedMap.png  used on input line 86.
(pdftex.def)             Requested size: 183.30048pt x 101.94923pt.
<Immagini/BSTDefinition.png, id=36, 641.39626pt x 401.24907pt>
File: Immagini/BSTDefinition.png Graphic file (type png)
<use Immagini/BSTDefinition.png>
Package pdftex.def Info: Immagini/BSTDefinition.png  used on input line 88.
(pdftex.def)             Requested size: 183.30048pt x 114.66942pt.


[5 <./Immagini/ArrayBasedSortedMap.png> <./Immagini/PerformanceArrayBasedSortedMap.png> <./Immagini/BSTSortedMap.png> <./Immagini/BSTDefinition.png>]
<Immagini/PredecessorSuccessorBST.png, id=44, 465.23813pt x 331.2375pt>
File: Immagini/PredecessorSuccessorBST.png Graphic file (type png)
<use Immagini/PredecessorSuccessorBST.png>
Package pdftex.def Info: Immagini/PredecessorSuccessorBST.png  used on input line 97.
(pdftex.def)             Requested size: 183.30048pt x 130.50127pt.
<Immagini/PredecessorSuccessorAlgorithm.png, id=45, 469.00218pt x 320.69812pt>
File: Immagini/PredecessorSuccessorAlgorithm.png Graphic file (type png)
<use Immagini/PredecessorSuccessorAlgorithm.png>
Package pdftex.def Info: Immagini/PredecessorSuccessorAlgorithm.png  used on input line 99.
(pdftex.def)             Requested size: 183.30048pt x 125.336pt.


[6 <./Immagini/PredecessorSuccessorBST.png> <./Immagini/PredecessorSuccessorAlgorithm.png>]
<Immagini/SearchBST.png, id=51, 472.01344pt x 299.61937pt>
File: Immagini/SearchBST.png Graphic file (type png)
<use Immagini/SearchBST.png>
Package pdftex.def Info: Immagini/SearchBST.png  used on input line 108.
(pdftex.def)             Requested size: 183.30048pt x 116.35275pt.
<Immagini/SearchBSTAlgorithm.png, id=52, 476.53032pt x 330.48468pt>
File: Immagini/SearchBSTAlgorithm.png Graphic file (type png)
<use Immagini/SearchBSTAlgorithm.png>
Package pdftex.def Info: Immagini/SearchBSTAlgorithm.png  used on input line 110.
(pdftex.def)             Requested size: 183.30048pt x 127.12352pt.


[7 <./Immagini/SearchBST.png> <./Immagini/SearchBSTAlgorithm.png>]
<Immagini/InsertBST.png, id=59, 468.24937pt x 312.41719pt>
File: Immagini/InsertBST.png Graphic file (type png)
<use Immagini/InsertBST.png>
Package pdftex.def Info: Immagini/InsertBST.png  used on input line 119.
(pdftex.def)             Requested size: 183.30048pt x 122.29985pt.
<Immagini/InsertBSTAlgorithm.png, id=60, 476.53032pt x 338.76563pt>
File: Immagini/InsertBSTAlgorithm.png Graphic file (type png)
<use Immagini/InsertBSTAlgorithm.png>
Package pdftex.def Info: Immagini/InsertBSTAlgorithm.png  used on input line 121.
(pdftex.def)             Requested size: 183.30048pt x 130.30885pt.


[8 <./Immagini/InsertBST.png> <./Immagini/InsertBSTAlgorithm.png>]
<Immagini/DeleteBST.png, id=66, 470.50781pt x 298.11375pt>
File: Immagini/DeleteBST.png Graphic file (type png)
<use Immagini/DeleteBST.png>
Package pdftex.def Info: Immagini/DeleteBST.png  used on input line 130.
(pdftex.def)             Requested size: 183.30048pt x 116.13652pt.
<Immagini/DeleteCase1.png, id=67, 471.26062pt x 339.51843pt>
File: Immagini/DeleteCase1.png Graphic file (type png)
<use Immagini/DeleteCase1.png>
Package pdftex.def Info: Immagini/DeleteCase1.png  used on input line 135.
(pdftex.def)             Requested size: 183.30048pt x 132.05936pt.
<Immagini/DeleteCase2.png, id=68, 474.27188pt x 326.72063pt>
File: Immagini/DeleteCase2.png Graphic file (type png)
<use Immagini/DeleteCase2.png>
Package pdftex.def Info: Immagini/DeleteCase2.png  used on input line 137.
(pdftex.def)             Requested size: 183.30048pt x 126.2739pt.


[9 <./Immagini/DeleteBST.png> <./Immagini/DeleteCase1.png> <./Immagini/DeleteCase2.png>]
<Immagini/PerformanceBSTMethods.png, id=75, 446.41782pt x 328.97906pt>
File: Immagini/PerformanceBSTMethods.png Graphic file (type png)
<use Immagini/PerformanceBSTMethods.png>
Package pdftex.def Info: Immagini/PerformanceBSTMethods.png  used on input line 146.
(pdftex.def)             Requested size: 183.30048pt x 135.07805pt.
<Immagini/PerformancesOfBST.png, id=76, 523.20468pt x 633.11531pt>
File: Immagini/PerformancesOfBST.png Graphic file (type png)
<use Immagini/PerformancesOfBST.png>
Package pdftex.def Info: Immagini/PerformancesOfBST.png  used on input line 148.
(pdftex.def)             Requested size: 183.30048pt x 221.8062pt.


[10 <./Immagini/PerformanceBSTMethods.png> <./Immagini/PerformancesOfBST.png>] (Maps.aux)
 ***********
LaTeX2e <2025-06-01> patch level 1
L3 programming layer <2025-07-11>
 ***********
 ) 
Here is how much of TeX's memory you used:
 5100 strings out of 468149
 84230 string characters out of 5431082
 499978 words of memory out of 5000000
 33661 multiletter control sequences out of 15000+600000
 635935 words of font info for 75 fonts, out of 8000000 for 9000
 1141 hyphenation exceptions out of 8191
 57i,7n,65p,291b,266s stack positions out of 10000i,1000n,20000p,200000b,200000s
<C:/Users/miche/AppData/Local/Programs/MiKTeX/fonts/type1/public/amsfonts/cm/cmbx12.pfb><C:/Users/miche/AppData/Local/Programs/MiKTeX/fonts/type1/public/amsfonts/cm/cmr12.pfb><C:/Users/miche/AppData/Local/Programs/MiKTeX/fonts/type1/public/amsfonts/cm/cmr17.pfb><C:/Users/miche/AppData/Local/Programs/MiKTeX/fonts/type1/public/amsfonts/cm/cmti12.pfb>
Output written on Maps.pdf (10 pages, 1534211 bytes).
PDF statistics:
 100 PDF objects out of 1000 (max. 8388607)
 0 named destinations out of 1000 (max. 500000)
 111 words of extra memory for PDF output out of 10000 (max. 10000000)

