This is pdfTeX, Version 3.141592653-2.6-1.40.27 (MiKTeX 25.4) (preloaded format=pdflatex 2025.7.22)  20 MAR 2026 16:59
entering extended mode
 restricted \write18 enabled.
 file:line:error style messages enabled.
 %&-line parsing enabled.
**c:/Users/miche/Desktop/GitRepositories/DesignAnalysisOfAlgorithms/Week1/Appunti/PyPrimer.tex
(c:/Users/miche/Desktop/GitRepositories/DesignAnalysisOfAlgorithms/Week1/Appunti/PyPrimer.tex
LaTeX2e <2025-06-01> patch level 1
L3 programming layer <2025-07-11>
(C:\Users\miche\AppData\Local\Programs\MiKTeX\tex/latex/base\article.cls
Document Class: article 2025/01/22 v1.4n Standard LaTeX document class
(C:\Users\miche\AppData\Local\Programs\MiKTeX\tex/latex/base\size12.clo
File: size12.clo 2025/01/22 v1.4n Standard LaTeX file (size option)
)
\c@part=\count275
\c@section=\count276
\c@subsection=\count277
\c@subsubsection=\count278
\c@paragraph=\count279
\c@subparagraph=\count280
\c@figure=\count281
\c@table=\count282
\abovecaptionskip=\skip49
\belowcaptionskip=\skip50
\bibindent=\dimen148
) (C:\Users\miche\AppData\Local\Programs\MiKTeX\tex/latex/base\inputenc.sty
Package: inputenc 2024/02/08 v1.3d Input encoding file
\inpenc@prehook=\toks17
\inpenc@posthook=\toks18
) (C:\Users\miche\AppData\Local\Programs\MiKTeX\tex/generic/babel\babel.sty
Package: babel 2025/05/14 v25.9 The multilingual framework for pdfLaTeX, LuaLaTeX and XeLaTeX
\babel@savecnt=\count283
LaTeX Encoding Info:    Redeclaring text command \ij (encoding OT1) on input line 2043.
LaTeX Encoding Info:    Redeclaring text command \IJ (encoding OT1) on input line 2045.
LaTeX Encoding Info:    Redeclaring text command \ij (encoding T1) on input line 2047.
LaTeX Encoding Info:    Redeclaring text command \IJ (encoding T1) on input line 2048.
LaTeX Encoding Info:    Ignoring declaration for text command \ij (encoding ?) on input line 2049.
LaTeX Encoding Info:    Ignoring declaration for text command \IJ (encoding ?) on input line 2051.
LaTeX Encoding Info:    Ignoring declaration for text command \SS (encoding ?) on input line 2076.
\U@D=\dimen149
\l@unhyphenated=\language79
 (C:\Users\miche\AppData\Local\Programs\MiKTeX\tex/generic/babel\txtbabel.def)
\bbl@readstream=\read2
\bbl@dirlevel=\count284

*************************************
* Local config file bblopts.cfg used
*
(C:\Users\miche\AppData\Local\Programs\MiKTeX\tex/latex/arabi\bblopts.cfg
File: bblopts.cfg 2005/09/08 v0.1 add Arabic and Farsi to "declared" options of babel
) (C:\Users\miche\AppData\Local\Programs\MiKTeX\tex/latex/babel-italian\italian.ldf
Language: italian 2024/10/10 v.1.5.01 Italian support for the babel system
 (C:\Users\miche\AppData\Local\Programs\MiKTeX\tex/generic/babel/locale/it\babel-italian.tex
Package babel Info: Importing font and identification data for italian
(babel)             from babel-it.ini. Reported on input line 11.
)
\it@lettering=\count285
\it@doublequoteactive=\count286
\it@ISOcompliance=\count287
)) (C:\Users\miche\AppData\Local\Programs\MiKTeX\tex/latex/etoolbox\etoolbox.sty
Package: etoolbox 2025/02/11 v2.5l e-TeX tools for LaTeX (JAW)
\etb@tempcnta=\count288
) (C:\Users\miche\AppData\Local\Programs\MiKTeX\tex/latex/amsfonts\amsfonts.sty
Package: amsfonts 2013/01/14 v3.01 Basic AMSFonts support
\@emptytoks=\toks19
\symAMSa=\mathgroup4
\symAMSb=\mathgroup5
LaTeX Font Info:    Redeclaring math symbol \hbar on input line 98.
LaTeX Font Info:    Overwriting math alphabet `\mathfrak' in version `bold'
(Font)                  U/euf/m/n --> U/euf/b/n on input line 106.
) (C:\Users\miche\AppData\Local\Programs\MiKTeX\tex/latex/listings\listings.sty (C:\Users\miche\AppData\Local\Programs\MiKTeX\tex/latex/graphics\keyval.sty
Package: keyval 2022/05/29 v1.15 key=value parser (DPC)
\KV@toks@=\toks20
)
\lst@mode=\count289
\lst@gtempboxa=\box53
\lst@token=\toks21
\lst@length=\count290
\lst@currlwidth=\dimen150
\lst@column=\count291
\lst@pos=\count292
\lst@lostspace=\dimen151
\lst@width=\dimen152
\lst@newlines=\count293
\lst@lineno=\count294
\lst@maxwidth=\dimen153
 (C:\Users\miche\AppData\Local\Programs\MiKTeX\tex/latex/listings\lstpatch.sty
File: lstpatch.sty 2024/09/23 1.10c (Carsten Heinz)
) (C:\Users\miche\AppData\Local\Programs\MiKTeX\tex/latex/listings\lstmisc.sty
File: lstmisc.sty 2024/09/23 1.10c (Carsten Heinz)
\c@lstnumber=\count295
\lst@skipnumbers=\count296
\lst@framebox=\box54
) (C:\Users\miche\AppData\Local\Programs\MiKTeX\tex/latex/listings\listings.cfg
File: listings.cfg 2024/09/23 1.10c listings configuration
))
Package: listings 2024/09/23 1.10c (Carsten Heinz)
 (C:\Users\miche\AppData\Local\Programs\MiKTeX\tex/latex/xcolor\xcolor.sty
Package: xcolor 2024/09/29 v3.02 LaTeX color extensions (UK)
 (C:\Users\miche\AppData\Local\Programs\MiKTeX\tex/latex/graphics-cfg\color.cfg
File: color.cfg 2016/01/02 v1.6 sample color configuration
)
Package xcolor Info: Driver file: pdftex.def on input line 274.
 (C:\Users\miche\AppData\Local\Programs\MiKTeX\tex/latex/graphics-def\pdftex.def
File: pdftex.def 2024/04/13 v1.2c Graphics/color driver for pdftex
) (C:\Users\miche\AppData\Local\Programs\MiKTeX\tex/latex/graphics\mathcolor.ltx)
Package xcolor Info: Model `cmy' substituted by `cmy0' on input line 1349.
Package xcolor Info: Model `hsb' substituted by `rgb' on input line 1353.
Package xcolor Info: Model `RGB' extended on input line 1365.
Package xcolor Info: Model `HTML' substituted by `rgb' on input line 1367.
Package xcolor Info: Model `Hsb' substituted by `hsb' on input line 1368.
Package xcolor Info: Model `tHsb' substituted by `hsb' on input line 1369.
Package xcolor Info: Model `HSB' substituted by `hsb' on input line 1370.
Package xcolor Info: Model `Gray' substituted by `gray' on input line 1371.
Package xcolor Info: Model `wave' substituted by `hsb' on input line 1372.
) (C:\Users\miche\AppData\Local\Programs\MiKTeX\tex/latex/booktabs\booktabs.sty
Package: booktabs 2020/01/12 v1.61803398 Publication quality tables
\heavyrulewidth=\dimen154
\lightrulewidth=\dimen155
\cmidrulewidth=\dimen156
\belowrulesep=\dimen157
\belowbottomsep=\dimen158
\aboverulesep=\dimen159
\abovetopsep=\dimen160
\cmidrulesep=\dimen161
\cmidrulekern=\dimen162
\defaultaddspace=\dimen163
\@cmidla=\count297
\@cmidlb=\count298
\@aboverulesep=\dimen164
\@belowrulesep=\dimen165
\@thisruleclass=\count299
\@lastruleclass=\count300
\@thisrulewidth=\dimen166
) (C:\Users\miche\AppData\Local\Programs\MiKTeX\tex/latex/graphics\graphicx.sty
Package: graphicx 2024/12/31 v1.2e Enhanced LaTeX Graphics (DPC,SPQR)
 (C:\Users\miche\AppData\Local\Programs\MiKTeX\tex/latex/graphics\graphics.sty
Package: graphics 2024/08/06 v1.4g Standard LaTeX Graphics (DPC,SPQR)
 (C:\Users\miche\AppData\Local\Programs\MiKTeX\tex/latex/graphics\trig.sty
Package: trig 2023/12/02 v1.11 sin cos tan (DPC)
) (C:\Users\miche\AppData\Local\Programs\MiKTeX\tex/latex/graphics-cfg\graphics.cfg
File: graphics.cfg 2016/06/04 v1.11 sample graphics configuration
)
Package graphics Info: Driver file: pdftex.def on input line 106.
)
\Gin@req@height=\dimen167
\Gin@req@width=\dimen168
) (C:\Users\miche\AppData\Local\Programs\MiKTeX\tex/latex/float\float.sty
Package: float 2001/11/08 v1.3d Float enhancements (AL)
\c@float@type=\count301
\float@exts=\toks22
\float@box=\box55
\@float@everytoks=\toks23
\@floatcapt=\box56
) (C:\Users\miche\AppData\Local\Programs\MiKTeX\tex/latex/l3backend\l3backend-pdftex.def
File: l3backend-pdftex.def 2025-06-09 L3 backend support: PDF output (pdfTeX)
\l__color_backend_stack_int=\count302
) (PyPrimer.aux)
\openout1 = `PyPrimer.aux'.

LaTeX Font Info:    Checking defaults for OML/cmm/m/it on input line 15.
LaTeX Font Info:    ... okay on input line 15.
LaTeX Font Info:    Checking defaults for OMS/cmsy/m/n on input line 15.
LaTeX Font Info:    ... okay on input line 15.
LaTeX Font Info:    Checking defaults for OT1/cmr/m/n on input line 15.
LaTeX Font Info:    ... okay on input line 15.
LaTeX Font Info:    Checking defaults for T1/cmr/m/n on input line 15.
LaTeX Font Info:    ... okay on input line 15.
LaTeX Font Info:    Checking defaults for TS1/cmr/m/n on input line 15.
LaTeX Font Info:    ... okay on input line 15.
LaTeX Font Info:    Checking defaults for OMX/cmex/m/n on input line 15.
LaTeX Font Info:    ... okay on input line 15.
LaTeX Font Info:    Checking defaults for U/cmr/m/n on input line 15.
LaTeX Font Info:    ... okay on input line 15.
LaTeX Info: Redefining \it@ocap on input line 15.
LaTeX Info: Redefining \it@ccap on input line 15.


File italian.ldf warning: 
italian.ldf    With OT1 encoding guillemets are poorly faked
italian.ldf    Use T1 encoding
italian.ldf    or specify a font with command \CaporaliFrom
italian.ldf    See the documentation concerning the babel-italian typesetting
italian.ldf    on input line 15.

\c@lstlisting=\count303
(C:\Users\miche\AppData\Local\Programs\MiKTeX\tex/context/base/mkii\supp-pdf.mkii
[Loading MPS to PDF converter (version 2006.09.02).]
\scratchcounter=\count304
\scratchdimen=\dimen169
\scratchbox=\box57
\nofMPsegments=\count305
\nofMParguments=\count306
\everyMPshowfont=\toks24
\MPscratchCnt=\count307
\MPscratchDim=\dimen170
\MPnumerator=\count308
\makeMPintoPDFobject=\count309
\everyMPtoPDFconversion=\toks25
) (C:\Users\miche\AppData\Local\Programs\MiKTeX\tex/latex/epstopdf-pkg\epstopdf-base.sty
Package: epstopdf-base 2020-01-24 v2.11 Base part for package epstopdf
Package epstopdf-base Info: Redefining graphics rule for `.eps' on input line 485.
 (C:\Users\miche\AppData\Local\Programs\MiKTeX\tex/latex/00miktex\epstopdf-sys.cfg
File: epstopdf-sys.cfg 2021/03/18 v2.0 Configuration of epstopdf for MiKTeX
)) (PyPrimer.toc
LaTeX Font Info:    Trying to load font information for U+msa on input line 5.
 (C:\Users\miche\AppData\Local\Programs\MiKTeX\tex/latex/amsfonts\umsa.fd
File: umsa.fd 2013/01/14 v3.01 AMS symbols A
)
LaTeX Font Info:    Trying to load font information for U+msb on input line 5.
 (C:\Users\miche\AppData\Local\Programs\MiKTeX\tex/latex/amsfonts\umsb.fd
File: umsb.fd 2013/01/14 v3.01 AMS symbols B
))
\tf@toc=\write3
\openout3 = `PyPrimer.toc'.



[1

{C:/Users/miche/AppData/Local/MiKTeX/fonts/map/pdftex/pdftex.map}]
<Immagini/ExecutionFlux.png, id=7, 947.79094pt x 331.99031pt>
File: Immagini/ExecutionFlux.png Graphic file (type png)
<use Immagini/ExecutionFlux.png>
Package pdftex.def Info: Immagini/ExecutionFlux.png  used on input line 29.
(pdftex.def)             Requested size: 312.00119pt x 109.28358pt.


[2 <./Immagini/ExecutionFlux.png>]
<Immagini/CvsPython.png, id=16, 945.5325pt x 524.71031pt>
File: Immagini/CvsPython.png Graphic file (type png)
<use Immagini/CvsPython.png>
Package pdftex.def Info: Immagini/CvsPython.png  used on input line 52.
(pdftex.def)             Requested size: 312.00119pt x 173.13892pt.

Overfull \hbox (52.8399pt too wide) in paragraph at lines 58--66
 [][] 
 []



[3 <./Immagini/CvsPython.png>]
<Immagini/Utility.png, id=22, 651.18282pt x 164.11313pt>
File: Immagini/Utility.png Graphic file (type png)
<use Immagini/Utility.png>
Package pdftex.def Info: Immagini/Utility.png  used on input line 74.
(pdftex.def)             Requested size: 272.99881pt x 68.80434pt.
<Immagini/outputUtility.png, id=23, 579.66562pt x 140.77594pt>
File: Immagini/outputUtility.png Graphic file (type png)
<use Immagini/outputUtility.png>
Package pdftex.def Info: Immagini/outputUtility.png  used on input line 85.
(pdftex.def)             Requested size: 272.99881pt x 66.30002pt.


[4 <./Immagini/Utility.png> <./Immagini/outputUtility.png>]

[5]
<Immagini/TreesHierarchy.png, id=32, 541.27219pt x 304.13625pt>
File: Immagini/TreesHierarchy.png Graphic file (type png)
<use Immagini/TreesHierarchy.png>
Package pdftex.def Info: Immagini/TreesHierarchy.png  used on input line 122.
(pdftex.def)             Requested size: 272.99881pt x 153.39963pt.
<Immagini/GeneralTree.png, id=33, 1284.8pt x 716.6775pt>
File: Immagini/GeneralTree.png Graphic file (type png)
<use Immagini/GeneralTree.png>
Package pdftex.def Info: Immagini/GeneralTree.png  used on input line 129.
(pdftex.def)             Requested size: 272.99881pt x 152.27829pt.


[6 <./Immagini/TreesHierarchy.png> <./Immagini/GeneralTree.png (PNG copy)>]
<Immagini/ADT_Tree.png, id=38, 480.29437pt x 445.665pt>
File: Immagini/ADT_Tree.png Graphic file (type png)
<use Immagini/ADT_Tree.png>
Package pdftex.def Info: Immagini/ADT_Tree.png  used on input line 148.
(pdftex.def)             Requested size: 272.99881pt x 253.31766pt.
<Immagini/BinaryTree.png, id=39, 597.73312pt x 243.15843pt>
File: Immagini/BinaryTree.png Graphic file (type png)
<use Immagini/BinaryTree.png>
Package pdftex.def Info: Immagini/BinaryTree.png  used on input line 155.
(pdftex.def)             Requested size: 272.99881pt x 111.05652pt.
<Immagini/BinaryTreeADT.png, id=40, 582.67688pt x 341.02406pt>
File: Immagini/BinaryTreeADT.png Graphic file (type png)
<use Immagini/BinaryTreeADT.png>
Package pdftex.def Info: Immagini/BinaryTreeADT.png  used on input line 163.
(pdftex.def)             Requested size: 272.99881pt x 159.78178pt.


[7 <./Immagini/ADT_Tree.png> <./Immagini/BinaryTree.png>]
<Immagini/BinaryTreesProperties.png, id=47, 414.79968pt x 587.19376pt>
File: Immagini/BinaryTreesProperties.png Graphic file (type png)
<use Immagini/BinaryTreesProperties.png>
Package pdftex.def Info: Immagini/BinaryTreesProperties.png  used on input line 171.
(pdftex.def)             Requested size: 272.99881pt x 386.47389pt.


[8 <./Immagini/BinaryTreeADT.png>]
<Immagini/BinaryTreesProperties2.png, id=52, 438.8897pt x 654.19406pt>
File: Immagini/BinaryTreesProperties2.png Graphic file (type png)
<use Immagini/BinaryTreesProperties2.png>
Package pdftex.def Info: Immagini/BinaryTreesProperties2.png  used on input line 178.
(pdftex.def)             Requested size: 272.99881pt x 406.93373pt.


[9 <./Immagini/BinaryTreesProperties.png>]
<Immagini/PreorderTraversal.png, id=57, 551.81157pt x 580.41844pt>
File: Immagini/PreorderTraversal.png Graphic file (type png)
<use Immagini/PreorderTraversal.png>
Package pdftex.def Info: Immagini/PreorderTraversal.png  used on input line 186.
(pdftex.def)             Requested size: 272.99881pt x 287.16188pt.


[10 <./Immagini/BinaryTreesProperties2.png>]
<Immagini/PostorderTraversal.png, id=62, 436.63126pt x 461.47406pt>
File: Immagini/PostorderTraversal.png Graphic file (type png)
<use Immagini/PostorderTraversal.png>
Package pdftex.def Info: Immagini/PostorderTraversal.png  used on input line 192.
(pdftex.def)             Requested size: 272.99881pt x 288.53323pt.


[11 <./Immagini/PreorderTraversal.png>]
<Immagini/RuntimeAnalysis.png, id=67, 419.31656pt x 133.24782pt>
File: Immagini/RuntimeAnalysis.png Graphic file (type png)
<use Immagini/RuntimeAnalysis.png>
Package pdftex.def Info: Immagini/RuntimeAnalysis.png  used on input line 200.
(pdftex.def)             Requested size: 272.99881pt x 86.75237pt.
<Immagini/BreadthFirstTrav.png, id=68, 420.82219pt x 606.01407pt>
File: Immagini/BreadthFirstTrav.png Graphic file (type png)
<use Immagini/BreadthFirstTrav.png>
Package pdftex.def Info: Immagini/BreadthFirstTrav.png  used on input line 208.
(pdftex.def)             Requested size: 272.99881pt x 393.13698pt.


[12 <./Immagini/PostorderTraversal.png> <./Immagini/RuntimeAnalysis.png>]
<Immagini/InorderTraversal.png, id=74, 388.45125pt x 560.8453pt>
File: Immagini/InorderTraversal.png Graphic file (type png)
<use Immagini/InorderTraversal.png>
Package pdftex.def Info: Immagini/InorderTraversal.png  used on input line 216.
(pdftex.def)             Requested size: 272.99881pt x 394.16367pt.


[13 <./Immagini/BreadthFirstTrav.png>]
<Immagini/TreeTravPython.png, id=80, 406.51875pt x 387.69844pt>
File: Immagini/TreeTravPython.png Graphic file (type png)
<use Immagini/TreeTravPython.png>
Package pdftex.def Info: Immagini/TreeTravPython.png  used on input line 224.
(pdftex.def)             Requested size: 272.99881pt x 260.36592pt.


[14 <./Immagini/InorderTraversal.png>]
<Immagini/PreorderPython.png, id=85, 319.1925pt x 657.95813pt>
File: Immagini/PreorderPython.png Graphic file (type png)
<use Immagini/PreorderPython.png>
Package pdftex.def Info: Immagini/PreorderPython.png  used on input line 232.
(pdftex.def)             Requested size: 272.99881pt x 562.74077pt.


[15 <./Immagini/TreeTravPython.png>]
<Immagini/PostorderPython.png, id=90, 340.27126pt x 243.15843pt>
File: Immagini/PostorderPython.png Graphic file (type png)
<use Immagini/PostorderPython.png>
Package pdftex.def Info: Immagini/PostorderPython.png  used on input line 240.
(pdftex.def)             Requested size: 272.99881pt x 195.09468pt.


[16 <./Immagini/PreorderPython.png>]
<Immagini/BreadthFirstPython.png, id=95, 394.47375pt x 109.1578pt>
File: Immagini/BreadthFirstPython.png Graphic file (type png)
<use Immagini/BreadthFirstPython.png>
Package pdftex.def Info: Immagini/BreadthFirstPython.png  used on input line 248.
(pdftex.def)             Requested size: 272.99881pt x 75.54381pt.
<Immagini/InorderPython.png, id=96, 304.88907pt x 644.4075pt>
File: Immagini/InorderPython.png Graphic file (type png)
<use Immagini/InorderPython.png>
Package pdftex.def Info: Immagini/InorderPython.png  used on input line 256.
(pdftex.def)             Requested size: 272.99881pt x 577.02138pt.


[17 <./Immagini/PostorderPython.png> <./Immagini/BreadthFirstPython.png>]
Overfull \vbox (11.85469pt too high) has occurred while \output is active []



[18 <./Immagini/InorderPython.png>] (PyPrimer.aux)
 ***********
LaTeX2e <2025-06-01> patch level 1
L3 programming layer <2025-07-11>
 ***********
 ) 
Here is how much of TeX's memory you used:
 5110 strings out of 468149
 84243 string characters out of 5431082
 502027 words of memory out of 5000000
 33669 multiletter control sequences out of 15000+600000
 636441 words of font info for 77 fonts, out of 8000000 for 9000
 1141 hyphenation exceptions out of 8191
 57i,8n,65p,491b,266s stack positions out of 10000i,1000n,20000p,200000b,200000s
 <C:\Users\miche\AppData\Local\MiKTeX\fonts/pk/ljfour/jknappen/ec/dpi600\tcrm1200.pk><C:/Users/miche/AppData/Local/Programs/MiKTeX/fonts/type1/public/amsfonts/cm/cmbx12.pfb><C:/Users/miche/AppData/Local/Programs/MiKTeX/fonts/type1/public/amsfonts/cm/cmr12.pfb><C:/Users/miche/AppData/Local/Programs/MiKTeX/fonts/type1/public/amsfonts/cm/cmr17.pfb><C:/Users/miche/AppData/Local/Programs/MiKTeX/fonts/type1/public/amsfonts/cm/cmti12.pfb><C:/Users/miche/AppData/Local/Programs/MiKTeX/fonts/type1/public/amsfonts/cm/cmtt12.pfb>
Output written on PyPrimer.pdf (18 pages, 3443693 bytes).
PDF statistics:
 132 PDF objects out of 1000 (max. 8388607)
 0 named destinations out of 1000 (max. 500000)
 106 words of extra memory for PDF output out of 10000 (max. 10000000)

